<?xml version="1.0" encoding="UTF-8"?>
<!-- Generated by org.testng.reporters.JUnitReportReporter -->
<testsuite hostname="TechnePlus_GG" failures="0" tests="1" name="com.salesoptimize.landingpage.SelectCompanyTurnover1AndAboveTest" time="2.489" errors="0" timestamp="02 Aug 2021 22:39:19 GMT" skipped="0">
  <testcase classname="com.salesoptimize.landingpage.SelectCompanyTurnover1AndAboveTest" name="SelectCompanyTurnover1AndAbove" time="2.489"/>
</testsuite> <!-- com.salesoptimize.landingpage.SelectCompanyTurnover1AndAboveTest -->
