<?xml version="1.0" encoding="UTF-8"?>
<!-- Generated by org.testng.reporters.JUnitReportReporter -->
<testsuite hostname="TechnePlus_GG" failures="0" tests="1" name="com.salesoptimize.landingpage.SelectBusinessCountryTest" time="0.838" errors="0" timestamp="02 Aug 2021 23:13:36 GMT" skipped="0">
  <testcase classname="com.salesoptimize.landingpage.SelectBusinessCountryTest" name="SelectBusinessCountry" time="0.838"/>
</testsuite> <!-- com.salesoptimize.landingpage.SelectBusinessCountryTest -->
