<?xml version="1.0" encoding="UTF-8"?>
<!-- Generated by org.testng.reporters.JUnitReportReporter -->
<testsuite hostname="TechnePlus_GG" failures="0" tests="1" name="com.salesoptimize.testcases.TestCase_13" time="11.933" errors="0" timestamp="05 Oct 2021 12:40:43 GMT" skipped="0">
  <testcase classname="com.salesoptimize.testcases.TestCase_13" name="IncludePaymentMethod" time="11.933"/>
</testsuite> <!-- com.salesoptimize.testcases.TestCase_13 -->
