<?xml version="1.0" encoding="UTF-8"?>
<!-- Generated by org.testng.reporters.JUnitReportReporter -->
<testsuite hostname="TechnePlus_GG" failures="0" tests="1" name="com.salesoptimize.testcases.TestCase_30" time="0.000" errors="0" timestamp="12 Oct 2021 11:00:00 GMT" skipped="1">
  <testcase classname="com.salesoptimize.testcases.TestCase_30" name="TwitterFollowers" time="0.000">
    <skipped/>
  </testcase> <!-- TwitterFollowers -->
</testsuite> <!-- com.salesoptimize.testcases.TestCase_30 -->
