<?xml version="1.0" encoding="UTF-8"?>
<!-- Generated by org.testng.reporters.JUnitReportReporter -->
<testsuite hostname="TechnePlus_GG" failures="0" tests="1" name="com.salesoptimize.landingpage.LoginSalesOptimizeTest" time="4.588" errors="0" timestamp="12 Oct 2021 11:00:00 GMT" skipped="0">
  <testcase classname="com.salesoptimize.landingpage.LoginSalesOptimizeTest" name="LoginSalesOptimize" time="4.588"/>
</testsuite> <!-- com.salesoptimize.landingpage.LoginSalesOptimizeTest -->
