<?xml version="1.0" encoding="UTF-8"?>
<!-- Generated by org.testng.reporters.JUnitReportReporter -->
<testsuite hostname="TechnePlus_GG" failures="0" tests="1" name="com.salesoptimize.testcases.TestCase_16" time="0.000" errors="0" timestamp="12 Oct 2021 11:00:00 GMT" skipped="1">
  <testcase classname="com.salesoptimize.testcases.TestCase_16" name="ExcludeFinanceProvider" time="0.000">
    <skipped/>
  </testcase> <!-- ExcludeFinanceProvider -->
</testsuite> <!-- com.salesoptimize.testcases.TestCase_16 -->
